<?xml version="1.0" encoding="UTF-8"?>
<testng-results skipped="0" failed="0" total="1" passed="1">
  <reporter-output>
  </reporter-output>
  <suite name="Default suite" duration-ms="3592" started-at="2020-08-23T08:19:44Z" finished-at="2020-08-23T08:19:48Z">
    <groups>
    </groups>
    <test name="Default test" duration-ms="3592" started-at="2020-08-23T08:19:44Z" finished-at="2020-08-23T08:19:48Z">
      <class name="com.pets.tests.TestPOSTAddNewPet">
        <test-method status="PASS" signature="postNewPet()[pri:0, instance:com.pets.tests.TestPOSTAddNewPet@71d15f18]" name="postNewPet" duration-ms="3409" started-at="2020-08-23T11:19:44Z" finished-at="2020-08-23T11:19:48Z">
          <reporter-output>
          </reporter-output>
        </test-method> <!-- postNewPet -->
      </class> <!-- com.pets.tests.TestPOSTAddNewPet -->
    </test> <!-- Default test -->
  </suite> <!-- Default suite -->
</testng-results>
